Added Component: Designator=U2(WIZNET W5500)
Add component. Clean all parameters for all variants
Added Pin To Net: NetName=TXN Pin=U2-1
Added Pin To Net: NetName=TXP Pin=U2-2
Added Pin To Net: NetName=AGND Pin=U2-3
Added Pin To Net: NetName=3.3V_A Pin=U2-4
Added Pin To Net: NetName=RXN Pin=U2-5
Added Pin To Net: NetName=RXP Pin=U2-6
Added Pin To Net: NetName=3.3V_A Pin=U2-8
Added Pin To Net: NetName=AGND Pin=U2-9
Added Pin To Net: NetName=NetR22_2 Pin=U2-10
Added Pin To Net: NetName=3.3V_A Pin=U2-11
Added Pin To Net: NetName=AGND Pin=U2-14
Added Pin To Net: NetName=3.3V_A Pin=U2-15
Added Pin To Net: NetName=AGND Pin=U2-16
Added Pin To Net: NetName=3.3V_A Pin=U2-17
Added Pin To Net: NetName=AGND Pin=U2-19
Added Pin To Net: NetName=NetC23_2 Pin=U2-20
Added Pin To Net: NetName=3.3V_A Pin=U2-21
Added Pin To Net: NetName=NetC24_2 Pin=U2-22
Added Pin To Net: NetName=AGND Pin=U2-23
Added Pin To Net: NetName=LINK_LED Pin=U2-25
Added Pin To Net: NetName=ACT_LED Pin=U2-27
Added Pin To Net: NetName=VCC Pin=U2-28
Added Pin To Net: NetName=GND Pin=U2-29
Added Pin To Net: NetName=XI Pin=U2-30
Added Pin To Net: NetName=XO Pin=U2-31
Added Pin To Net: NetName=SCSn Pin=U2-32
Added Pin To Net: NetName=SCLK Pin=U2-33
Added Pin To Net: NetName=MISO Pin=U2-34
Added Pin To Net: NetName=MOSI Pin=U2-35
Added Pin To Net: NetName=INTn Pin=U2-36
Added Pin To Net: NetName=RSTn Pin=U2-37
Added Pin To Net: NetName=GND Pin=U2-38
Added Pin To Net: NetName=GND Pin=U2-39
Added Pin To Net: NetName=GND Pin=U2-40
Added Pin To Net: NetName=GND Pin=U2-41
Added Pin To Net: NetName=GND Pin=U2-42
Added Pin To Net: NetName=VCC Pin=U2-43
Added Pin To Net: NetName=VCC Pin=U2-44
Added Pin To Net: NetName=VCC Pin=U2-45
Added Pin To Net: NetName=AGND Pin=U2-48
