Change component parameters: Designator = "RST"; Footprint = "SW"; UniqueID = "\QEOLWTJA"
Change component parameters. Clean all parameters for all variants
Change component parameters (AddParameter): Name = "cm1"; Value = "Nút b?m 4 chân c?m"; VariantName = "[No Variations]"
Change component parameters (AddParameter): Name = "vl1"; Value = "12x12x6mm"; VariantName = "[No Variations]"
Change component parameters: Designator = "U1"; Footprint = "SOT223-4N"; UniqueID = "\XDOJRPGR"
Change component parameters. Clean all parameters for all variants
Change component parameters (AddParameter): Name = "cm"; Value = "IC ngu?n AS1117 dán"; VariantName = "[No Variations]"
Change component parameters (AddParameter): Name = "vl"; Value = "+3V3"; VariantName = "[No Variations]"
Change component parameters: Designator = "D11"; Footprint = "DO-214AC"; UniqueID = "\BVFVDRIS"
Change component parameters. Clean all parameters for all variants
Change component parameters (AddParameter): Name = "cm1"; Value = "Ði ?t c?m"; VariantName = "[No Variations]"
Change component parameters (AddParameter): Name = "cm2"; Value = "Ði ?t dán"; VariantName = "[No Variations]"
Change component parameters (AddParameter): Name = "Value"; Value = "SS14"; VariantName = "[No Variations]"
Change component parameters: Designator = "D12"; Footprint = "DO-35"; UniqueID = "\KVSNIEMG"
Change component parameters. Clean all parameters for all variants
Change component parameters (AddParameter): Name = "cm1"; Value = "Ði ?t c?m"; VariantName = "[No Variations]"
Change component parameters (AddParameter): Name = "cm2"; Value = "Ði ?t dán"; VariantName = "[No Variations]"
Change component parameters (AddParameter): Name = "Value"; Value = "PN:CPDH3V3UP"; VariantName = "[No Variations]"
Change component parameters: Designator = "C21"; Footprint = "CAP 0805"; UniqueID = "\BWFRSAKR"
Change component parameters. Clean all parameters for all variants
Change component parameters (AddParameter): Name = "cm1"; Value = "T? di?n dán 0603"; VariantName = "[No Variations]"
Change component parameters (AddParameter): Name = "cm2"; Value = "T? di?n dán 0805"; VariantName = "[No Variations]"
Change component parameters (AddParameter): Name = "cm3"; Value = "T? di?n dán 1206"; VariantName = "[No Variations]"
Change component parameters (AddParameter): Name = "Value"; Value = "18pF"; VariantName = "[No Variations]"
Change component parameters: Designator = "C22"; Footprint = "CAP 0805"; UniqueID = "\ITLACCPU"
Change component parameters. Clean all parameters for all variants
Change component parameters (AddParameter): Name = "cm1"; Value = "T? di?n dán 0603"; VariantName = "[No Variations]"
Change component parameters (AddParameter): Name = "cm2"; Value = "T? di?n dán 0805"; VariantName = "[No Variations]"
Change component parameters (AddParameter): Name = "cm3"; Value = "T? di?n dán 1206"; VariantName = "[No Variations]"
Change component parameters (AddParameter): Name = "Value"; Value = "18pF"; VariantName = "[No Variations]"
Change component parameters: Designator = "C23"; Footprint = "CAP 0805"; UniqueID = "\CVTOUJPV"
Change component parameters. Clean all parameters for all variants
Change component parameters (AddParameter): Name = "cm1"; Value = "T? di?n dán 0603"; VariantName = "[No Variations]"
Change component parameters (AddParameter): Name = "cm2"; Value = "T? di?n dán 0805"; VariantName = "[No Variations]"
Change component parameters (AddParameter): Name = "cm3"; Value = "T? di?n dán 1206"; VariantName = "[No Variations]"
Change component parameters (AddParameter): Name = "Value"; Value = "4.7uF"; VariantName = "[No Variations]"
Change component parameters: Designator = "C24"; Footprint = "CAP 0805"; UniqueID = "\QJWVLZRF"
Change component parameters. Clean all parameters for all variants
Change component parameters (AddParameter): Name = "cm1"; Value = "T? di?n dán 0603"; VariantName = "[No Variations]"
Change component parameters (AddParameter): Name = "cm2"; Value = "T? di?n dán 0805"; VariantName = "[No Variations]"
Change component parameters (AddParameter): Name = "cm3"; Value = "T? di?n dán 1206"; VariantName = "[No Variations]"
Change component parameters (AddParameter): Name = "Value"; Value = "10nF"; VariantName = "[No Variations]"
Change component parameters: Designator = "C25"; Footprint = "CAP 0805"; UniqueID = "\RRUTZGVP"
Change component parameters. Clean all parameters for all variants
Change component parameters (AddParameter): Name = "cm1"; Value = "T? di?n dán 0603"; VariantName = "[No Variations]"
Change component parameters (AddParameter): Name = "cm2"; Value = "T? di?n dán 0805"; VariantName = "[No Variations]"
Change component parameters (AddParameter): Name = "cm3"; Value = "T? di?n dán 1206"; VariantName = "[No Variations]"
Change component parameters (AddParameter): Name = "Value"; Value = "0.1uF"; VariantName = "[No Variations]"
Change component parameters: Designator = "C26"; Footprint = "CAP 0805"; UniqueID = "\JMGGBAON"
Change component parameters. Clean all parameters for all variants
Change component parameters (AddParameter): Name = "cm1"; Value = "T? di?n dán 0603"; VariantName = "[No Variations]"
Change component parameters (AddParameter): Name = "cm2"; Value = "T? di?n dán 0805"; VariantName = "[No Variations]"
Change component parameters (AddParameter): Name = "cm3"; Value = "T? di?n dán 1206"; VariantName = "[No Variations]"
Change component parameters (AddParameter): Name = "Value"; Value = "0.1uF"; VariantName = "[No Variations]"
Change component parameters: Designator = "C27"; Footprint = "CAP 0805"; UniqueID = "\PBKLTTNE"
Change component parameters. Clean all parameters for all variants
Change component parameters (AddParameter): Name = "cm1"; Value = "T? di?n dán 0603"; VariantName = "[No Variations]"
Change component parameters (AddParameter): Name = "cm2"; Value = "T? di?n dán 0805"; VariantName = "[No Variations]"
Change component parameters (AddParameter): Name = "cm3"; Value = "T? di?n dán 1206"; VariantName = "[No Variations]"
Change component parameters (AddParameter): Name = "Value"; Value = "0.1uF"; VariantName = "[No Variations]"
Change component parameters: Designator = "C31"; Footprint = "CAP 0805"; UniqueID = "\TNXCITNK"
Change component parameters. Clean all parameters for all variants
Change component parameters (AddParameter): Name = "cm1"; Value = "T? di?n dán 0603"; VariantName = "[No Variations]"
Change component parameters (AddParameter): Name = "cm2"; Value = "T? di?n dán 0805"; VariantName = "[No Variations]"
Change component parameters (AddParameter): Name = "cm3"; Value = "T? di?n dán 1206"; VariantName = "[No Variations]"
Change component parameters (AddParameter): Name = "Value"; Value = "0.1uF"; VariantName = "[No Variations]"
Change component parameters: Designator = "C32"; Footprint = "CAP 0805"; UniqueID = "\UVRRWVQV"
Change component parameters. Clean all parameters for all variants
Change component parameters (AddParameter): Name = "cm1"; Value = "T? di?n dán 0603"; VariantName = "[No Variations]"
Change component parameters (AddParameter): Name = "cm2"; Value = "T? di?n dán 0805"; VariantName = "[No Variations]"
Change component parameters (AddParameter): Name = "cm3"; Value = "T? di?n dán 1206"; VariantName = "[No Variations]"
Change component parameters (AddParameter): Name = "Value"; Value = "0.1uF"; VariantName = "[No Variations]"
Change component parameters: Designator = "C33"; Footprint = "CAP 0805"; UniqueID = "\ISRKORCW"
Change component parameters. Clean all parameters for all variants
Change component parameters (AddParameter): Name = "cm1"; Value = "T? di?n dán 0603"; VariantName = "[No Variations]"
Change component parameters (AddParameter): Name = "cm2"; Value = "T? di?n dán 0805"; VariantName = "[No Variations]"
Change component parameters (AddParameter): Name = "cm3"; Value = "T? di?n dán 1206"; VariantName = "[No Variations]"
Change component parameters (AddParameter): Name = "Value"; Value = "0.1uF"; VariantName = "[No Variations]"
Change component parameters: Designator = "C34"; Footprint = "CAP 0805"; UniqueID = "\VPZIGJCR"
Change component parameters. Clean all parameters for all variants
Change component parameters (AddParameter): Name = "cm1"; Value = "T? di?n dán 0603"; VariantName = "[No Variations]"
Change component parameters (AddParameter): Name = "cm2"; Value = "T? di?n dán 0805"; VariantName = "[No Variations]"
Change component parameters (AddParameter): Name = "cm3"; Value = "T? di?n dán 1206"; VariantName = "[No Variations]"
Change component parameters (AddParameter): Name = "Value"; Value = "0.1uF"; VariantName = "[No Variations]"
Change component parameters: Designator = "C35"; Footprint = "CAP 0805"; UniqueID = "\SQMWZJLV"
Change component parameters. Clean all parameters for all variants
Change component parameters (AddParameter): Name = "cm1"; Value = "T? di?n dán 0603"; VariantName = "[No Variations]"
Change component parameters (AddParameter): Name = "cm2"; Value = "T? di?n dán 0805"; VariantName = "[No Variations]"
Change component parameters (AddParameter): Name = "cm3"; Value = "T? di?n dán 1206"; VariantName = "[No Variations]"
Change component parameters (AddParameter): Name = "Value"; Value = "0.1uF"; VariantName = "[No Variations]"
Change component parameters: Designator = "C36"; Footprint = "CAP 0805"; UniqueID = "\WWAVYRWK"
Change component parameters. Clean all parameters for all variants
Change component parameters (AddParameter): Name = "cm1"; Value = "T? di?n dán 0603"; VariantName = "[No Variations]"
Change component parameters (AddParameter): Name = "cm2"; Value = "T? di?n dán 0805"; VariantName = "[No Variations]"
Change component parameters (AddParameter): Name = "cm3"; Value = "T? di?n dán 1206"; VariantName = "[No Variations]"
Change component parameters (AddParameter): Name = "Value"; Value = "0.1uF"; VariantName = "[No Variations]"
Change component parameters: Designator = "C37"; Footprint = "CAP 0805"; UniqueID = "\FSMFJLGG"
Change component parameters. Clean all parameters for all variants
Change component parameters (AddParameter): Name = "cm1"; Value = "T? di?n dán 0603"; VariantName = "[No Variations]"
Change component parameters (AddParameter): Name = "cm2"; Value = "T? di?n dán 0805"; VariantName = "[No Variations]"
Change component parameters (AddParameter): Name = "cm3"; Value = "T? di?n dán 1206"; VariantName = "[No Variations]"
Change component parameters (AddParameter): Name = "Value"; Value = "22pF"; VariantName = "[No Variations]"
Change component parameters: Designator = "C38"; Footprint = "CAP 0805"; UniqueID = "\TSGTOHUQ"
Change component parameters. Clean all parameters for all variants
Change component parameters (AddParameter): Name = "cm1"; Value = "T? di?n dán 0603"; VariantName = "[No Variations]"
Change component parameters (AddParameter): Name = "cm2"; Value = "T? di?n dán 0805"; VariantName = "[No Variations]"
Change component parameters (AddParameter): Name = "cm3"; Value = "T? di?n dán 1206"; VariantName = "[No Variations]"
Change component parameters (AddParameter): Name = "Value"; Value = "22pF"; VariantName = "[No Variations]"
Change component parameters: Designator = "C39"; Footprint = "CAP 0805"; UniqueID = "\CAKQGVRS"
Change component parameters. Clean all parameters for all variants
Change component parameters (AddParameter): Name = "cm1"; Value = "T? di?n dán 0603"; VariantName = "[No Variations]"
Change component parameters (AddParameter): Name = "cm2"; Value = "T? di?n dán 0805"; VariantName = "[No Variations]"
Change component parameters (AddParameter): Name = "cm3"; Value = "T? di?n dán 1206"; VariantName = "[No Variations]"
Change component parameters (AddParameter): Name = "Value"; Value = "0.1uF"; VariantName = "[No Variations]"
Change component parameters: Designator = "C210"; Footprint = "CAP 0805"; UniqueID = "\WPZXJKHI"
Change component parameters. Clean all parameters for all variants
Change component parameters (AddParameter): Name = "cm1"; Value = "T? di?n dán 0603"; VariantName = "[No Variations]"
Change component parameters (AddParameter): Name = "cm2"; Value = "T? di?n dán 0805"; VariantName = "[No Variations]"
Change component parameters (AddParameter): Name = "cm3"; Value = "T? di?n dán 1206"; VariantName = "[No Variations]"
Change component parameters (AddParameter): Name = "Value"; Value = "6.8nF"; VariantName = "[No Variations]"
Change component parameters: Designator = "C211"; Footprint = "CAP 0805"; UniqueID = "\TQWUXYVR"
Change component parameters. Clean all parameters for all variants
Change component parameters (AddParameter): Name = "cm1"; Value = "T? di?n dán 0603"; VariantName = "[No Variations]"
Change component parameters (AddParameter): Name = "cm2"; Value = "T? di?n dán 0805"; VariantName = "[No Variations]"
Change component parameters (AddParameter): Name = "cm3"; Value = "T? di?n dán 1206"; VariantName = "[No Variations]"
Change component parameters (AddParameter): Name = "Value"; Value = "6.8nF"; VariantName = "[No Variations]"
Change component parameters: Designator = "C212"; Footprint = "CAP 0805"; UniqueID = "\DURMTIIY"
Change component parameters. Clean all parameters for all variants
Change component parameters (AddParameter): Name = "cm1"; Value = "T? di?n dán 0603"; VariantName = "[No Variations]"
Change component parameters (AddParameter): Name = "cm2"; Value = "T? di?n dán 0805"; VariantName = "[No Variations]"
Change component parameters (AddParameter): Name = "cm3"; Value = "T? di?n dán 1206"; VariantName = "[No Variations]"
Change component parameters (AddParameter): Name = "Value"; Value = "22nF"; VariantName = "[No Variations]"
Change component parameters: Designator = "C213"; Footprint = "CAP 0805"; UniqueID = "\LOEKBMWP"
Change component parameters. Clean all parameters for all variants
Change component parameters (AddParameter): Name = "cm1"; Value = "T? di?n dán 0603"; VariantName = "[No Variations]"
Change component parameters (AddParameter): Name = "cm2"; Value = "T? di?n dán 0805"; VariantName = "[No Variations]"
Change component parameters (AddParameter): Name = "cm3"; Value = "T? di?n dán 1206"; VariantName = "[No Variations]"
Change component parameters (AddParameter): Name = "Value"; Value = "10nF"; VariantName = "[No Variations]"
Change component parameters: Designator = "R11"; Footprint = "RES 0805"; UniqueID = "\JTBPKDHP"
Change component parameters. Clean all parameters for all variants
Change component parameters (AddParameter): Name = "cm1"; Value = "Ði?n tr? dán 0603"; VariantName = "[No Variations]"
Change component parameters (AddParameter): Name = "cm2"; Value = "Ði?n tr? c?m 1/4W"; VariantName = "[No Variations]"
Change component parameters (AddParameter): Name = "cm3"; Value = "Ði?n tr? dán 0805"; VariantName = "[No Variations]"
Change component parameters (AddParameter): Name = "cm4"; Value = "Ði?n tr? dán 1206"; VariantName = "[No Variations]"
Change component parameters (AddParameter): Name = "Value"; Value = "560"; VariantName = "[No Variations]"
Change component parameters: Designator = "R12"; Footprint = "RES 0805"; UniqueID = "\HPJPRBGL"
Change component parameters. Clean all parameters for all variants
Change component parameters (AddParameter): Name = "cm1"; Value = "Ði?n tr? dán 0603"; VariantName = "[No Variations]"
Change component parameters (AddParameter): Name = "cm2"; Value = "Ði?n tr? c?m 1/4W"; VariantName = "[No Variations]"
Change component parameters (AddParameter): Name = "cm3"; Value = "Ði?n tr? dán 0805"; VariantName = "[No Variations]"
Change component parameters (AddParameter): Name = "cm4"; Value = "Ði?n tr? dán 1206"; VariantName = "[No Variations]"
Change component parameters (AddParameter): Name = "Value"; Value = "1R"; VariantName = "[No Variations]"
Change component parameters: Designator = "R21"; Footprint = "RES 0805"; UniqueID = "\ASPGYJRM"
Change component parameters. Clean all parameters for all variants
Change component parameters (AddParameter): Name = "cm1"; Value = "Ði?n tr? dán 0603"; VariantName = "[No Variations]"
Change component parameters (AddParameter): Name = "cm2"; Value = "Ði?n tr? c?m 1/4W"; VariantName = "[No Variations]"
Change component parameters (AddParameter): Name = "cm3"; Value = "Ði?n tr? dán 0805"; VariantName = "[No Variations]"
Change component parameters (AddParameter): Name = "cm4"; Value = "Ði?n tr? dán 1206"; VariantName = "[No Variations]"
Change component parameters (AddParameter): Name = "Value"; Value = "1M"; VariantName = "[No Variations]"
Change component parameters: Designator = "R22"; Footprint = "RES 0805"; UniqueID = "\MGKCUQJL"
Change component parameters. Clean all parameters for all variants
Change component parameters (AddParameter): Name = "cm1"; Value = "Ði?n tr? dán 0603"; VariantName = "[No Variations]"
Change component parameters (AddParameter): Name = "cm2"; Value = "Ði?n tr? c?m 1/4W"; VariantName = "[No Variations]"
Change component parameters (AddParameter): Name = "cm3"; Value = "Ði?n tr? dán 0805"; VariantName = "[No Variations]"
Change component parameters (AddParameter): Name = "cm4"; Value = "Ði?n tr? dán 1206"; VariantName = "[No Variations]"
Change component parameters (AddParameter): Name = "Value"; Value = "12.4K"; VariantName = "[No Variations]"
Change component parameters: Designator = "R23"; Footprint = "RES 0805"; UniqueID = "\LZOISOQC"
Change component parameters. Clean all parameters for all variants
Change component parameters (AddParameter): Name = "cm1"; Value = "Ði?n tr? dán 0603"; VariantName = "[No Variations]"
Change component parameters (AddParameter): Name = "cm2"; Value = "Ði?n tr? c?m 1/4W"; VariantName = "[No Variations]"
Change component parameters (AddParameter): Name = "cm3"; Value = "Ði?n tr? dán 0805"; VariantName = "[No Variations]"
Change component parameters (AddParameter): Name = "cm4"; Value = "Ði?n tr? dán 1206"; VariantName = "[No Variations]"
Change component parameters (AddParameter): Name = "Value"; Value = "33R"; VariantName = "[No Variations]"
Change component parameters: Designator = "R24"; Footprint = "RES 0805"; UniqueID = "\ITGDZFTX"
Change component parameters. Clean all parameters for all variants
Change component parameters (AddParameter): Name = "cm1"; Value = "Ði?n tr? dán 0603"; VariantName = "[No Variations]"
Change component parameters (AddParameter): Name = "cm2"; Value = "Ði?n tr? c?m 1/4W"; VariantName = "[No Variations]"
Change component parameters (AddParameter): Name = "cm3"; Value = "Ði?n tr? dán 0805"; VariantName = "[No Variations]"
Change component parameters (AddParameter): Name = "cm4"; Value = "Ði?n tr? dán 1206"; VariantName = "[No Variations]"
Change component parameters (AddParameter): Name = "Value"; Value = "33R"; VariantName = "[No Variations]"
Change component parameters: Designator = "R25"; Footprint = "RES 0805"; UniqueID = "\XZJPWIJV"
Change component parameters. Clean all parameters for all variants
Change component parameters (AddParameter): Name = "cm1"; Value = "Ði?n tr? dán 0603"; VariantName = "[No Variations]"
Change component parameters (AddParameter): Name = "cm2"; Value = "Ði?n tr? c?m 1/4W"; VariantName = "[No Variations]"
Change component parameters (AddParameter): Name = "cm3"; Value = "Ði?n tr? dán 0805"; VariantName = "[No Variations]"
Change component parameters (AddParameter): Name = "cm4"; Value = "Ði?n tr? dán 1206"; VariantName = "[No Variations]"
Change component parameters (AddParameter): Name = "Value"; Value = "33R"; VariantName = "[No Variations]"
Change component parameters: Designator = "R26"; Footprint = "RES 0805"; UniqueID = "\FMONBGFV"
Change component parameters. Clean all parameters for all variants
Change component parameters (AddParameter): Name = "cm1"; Value = "Ði?n tr? dán 0603"; VariantName = "[No Variations]"
Change component parameters (AddParameter): Name = "cm2"; Value = "Ði?n tr? c?m 1/4W"; VariantName = "[No Variations]"
Change component parameters (AddParameter): Name = "cm3"; Value = "Ði?n tr? dán 0805"; VariantName = "[No Variations]"
Change component parameters (AddParameter): Name = "cm4"; Value = "Ði?n tr? dán 1206"; VariantName = "[No Variations]"
Change component parameters (AddParameter): Name = "Value"; Value = "33R"; VariantName = "[No Variations]"
Change component parameters: Designator = "R27"; Footprint = "RES 0805"; UniqueID = "\BPWYJJPY"
Change component parameters. Clean all parameters for all variants
Change component parameters (AddParameter): Name = "cm1"; Value = "Ði?n tr? dán 0603"; VariantName = "[No Variations]"
Change component parameters (AddParameter): Name = "cm2"; Value = "Ði?n tr? c?m 1/4W"; VariantName = "[No Variations]"
Change component parameters (AddParameter): Name = "cm3"; Value = "Ði?n tr? dán 0805"; VariantName = "[No Variations]"
Change component parameters (AddParameter): Name = "cm4"; Value = "Ði?n tr? dán 1206"; VariantName = "[No Variations]"
Change component parameters (AddParameter): Name = "Value"; Value = "10R"; VariantName = "[No Variations]"
Change component parameters: Designator = "R28"; Footprint = "RES 0805"; UniqueID = "\LGMLJPOU"
Change component parameters. Clean all parameters for all variants
Change component parameters (AddParameter): Name = "cm1"; Value = "Ði?n tr? dán 0603"; VariantName = "[No Variations]"
Change component parameters (AddParameter): Name = "cm2"; Value = "Ði?n tr? c?m 1/4W"; VariantName = "[No Variations]"
Change component parameters (AddParameter): Name = "cm3"; Value = "Ði?n tr? dán 0805"; VariantName = "[No Variations]"
Change component parameters (AddParameter): Name = "cm4"; Value = "Ði?n tr? dán 1206"; VariantName = "[No Variations]"
Change component parameters (AddParameter): Name = "Value"; Value = "330R"; VariantName = "[No Variations]"
Change component parameters: Designator = "R29"; Footprint = "RES 0805"; UniqueID = "\LBNWZOCT"
Change component parameters. Clean all parameters for all variants
Change component parameters (AddParameter): Name = "cm1"; Value = "Ði?n tr? dán 0603"; VariantName = "[No Variations]"
Change component parameters (AddParameter): Name = "cm2"; Value = "Ði?n tr? c?m 1/4W"; VariantName = "[No Variations]"
Change component parameters (AddParameter): Name = "cm3"; Value = "Ði?n tr? dán 0805"; VariantName = "[No Variations]"
Change component parameters (AddParameter): Name = "cm4"; Value = "Ði?n tr? dán 1206"; VariantName = "[No Variations]"
Change component parameters (AddParameter): Name = "Value"; Value = "330R"; VariantName = "[No Variations]"
Change component parameters: Designator = "R31"; Footprint = "RES 0805"; UniqueID = "\NKHPAWJA"
Change component parameters. Clean all parameters for all variants
Change component parameters (AddParameter): Name = "cm1"; Value = "Ði?n tr? dán 0603"; VariantName = "[No Variations]"
Change component parameters (AddParameter): Name = "cm2"; Value = "Ði?n tr? c?m 1/4W"; VariantName = "[No Variations]"
Change component parameters (AddParameter): Name = "cm3"; Value = "Ði?n tr? dán 0805"; VariantName = "[No Variations]"
Change component parameters (AddParameter): Name = "cm4"; Value = "Ði?n tr? dán 1206"; VariantName = "[No Variations]"
Change component parameters (AddParameter): Name = "Value"; Value = "4.7K"; VariantName = "[No Variations]"
Change component parameters: Designator = "R32"; Footprint = "RES 0805"; UniqueID = "\KQFLDWYM"
Change component parameters. Clean all parameters for all variants
Change component parameters (AddParameter): Name = "cm1"; Value = "Ði?n tr? dán 0603"; VariantName = "[No Variations]"
Change component parameters (AddParameter): Name = "cm2"; Value = "Ði?n tr? c?m 1/4W"; VariantName = "[No Variations]"
Change component parameters (AddParameter): Name = "cm3"; Value = "Ði?n tr? dán 0805"; VariantName = "[No Variations]"
Change component parameters (AddParameter): Name = "cm4"; Value = "Ði?n tr? dán 1206"; VariantName = "[No Variations]"
Change component parameters (AddParameter): Name = "Value"; Value = "4.7K"; VariantName = "[No Variations]"
Change component parameters: Designator = "R33"; Footprint = "RES 0805"; UniqueID = "\VQFBCIBO"
Change component parameters. Clean all parameters for all variants
Change component parameters (AddParameter): Name = "cm1"; Value = "Ði?n tr? dán 0603"; VariantName = "[No Variations]"
Change component parameters (AddParameter): Name = "cm2"; Value = "Ði?n tr? c?m 1/4W"; VariantName = "[No Variations]"
Change component parameters (AddParameter): Name = "cm3"; Value = "Ði?n tr? dán 0805"; VariantName = "[No Variations]"
Change component parameters (AddParameter): Name = "cm4"; Value = "Ði?n tr? dán 1206"; VariantName = "[No Variations]"
Change component parameters (AddParameter): Name = "Value"; Value = "4.7K"; VariantName = "[No Variations]"
Change component parameters: Designator = "R34"; Footprint = "RES 0805"; UniqueID = "\YKNJKTJP"
Change component parameters. Clean all parameters for all variants
Change component parameters (AddParameter): Name = "cm1"; Value = "Ði?n tr? dán 0603"; VariantName = "[No Variations]"
Change component parameters (AddParameter): Name = "cm2"; Value = "Ði?n tr? c?m 1/4W"; VariantName = "[No Variations]"
Change component parameters (AddParameter): Name = "cm3"; Value = "Ði?n tr? dán 0805"; VariantName = "[No Variations]"
Change component parameters (AddParameter): Name = "cm4"; Value = "Ði?n tr? dán 1206"; VariantName = "[No Variations]"
Change component parameters (AddParameter): Name = "Value"; Value = "4.7K"; VariantName = "[No Variations]"
Change component parameters: Designator = "R210"; Footprint = "RES 0805"; UniqueID = "\MFEOBZAI"
Change component parameters. Clean all parameters for all variants
Change component parameters (AddParameter): Name = "cm1"; Value = "Ði?n tr? dán 0603"; VariantName = "[No Variations]"
Change component parameters (AddParameter): Name = "cm2"; Value = "Ði?n tr? c?m 1/4W"; VariantName = "[No Variations]"
Change component parameters (AddParameter): Name = "cm3"; Value = "Ði?n tr? dán 0805"; VariantName = "[No Variations]"
Change component parameters (AddParameter): Name = "cm4"; Value = "Ði?n tr? dán 1206"; VariantName = "[No Variations]"
Change component parameters (AddParameter): Name = "Value"; Value = "49.9R"; VariantName = "[No Variations]"
Change component parameters: Designator = "R211"; Footprint = "RES 0805"; UniqueID = "\CKAEMQSK"
Change component parameters. Clean all parameters for all variants
Change component parameters (AddParameter): Name = "cm1"; Value = "Ði?n tr? dán 0603"; VariantName = "[No Variations]"
Change component parameters (AddParameter): Name = "cm2"; Value = "Ði?n tr? c?m 1/4W"; VariantName = "[No Variations]"
Change component parameters (AddParameter): Name = "cm3"; Value = "Ði?n tr? dán 0805"; VariantName = "[No Variations]"
Change component parameters (AddParameter): Name = "cm4"; Value = "Ði?n tr? dán 1206"; VariantName = "[No Variations]"
Change component parameters (AddParameter): Name = "Value"; Value = "49.9R"; VariantName = "[No Variations]"
Change component parameters: Designator = "R212"; Footprint = "RES 0805"; UniqueID = "\KIEERZDB"
Change component parameters. Clean all parameters for all variants
Change component parameters (AddParameter): Name = "cm1"; Value = "Ði?n tr? dán 0603"; VariantName = "[No Variations]"
Change component parameters (AddParameter): Name = "cm2"; Value = "Ði?n tr? c?m 1/4W"; VariantName = "[No Variations]"
Change component parameters (AddParameter): Name = "cm3"; Value = "Ði?n tr? dán 0805"; VariantName = "[No Variations]"
Change component parameters (AddParameter): Name = "cm4"; Value = "Ði?n tr? dán 1206"; VariantName = "[No Variations]"
Change component parameters (AddParameter): Name = "Value"; Value = "49.9R"; VariantName = "[No Variations]"
Change component parameters: Designator = "R213"; Footprint = "RES 0805"; UniqueID = "\AJIICJQZ"
Change component parameters. Clean all parameters for all variants
Change component parameters (AddParameter): Name = "cm1"; Value = "Ði?n tr? dán 0603"; VariantName = "[No Variations]"
Change component parameters (AddParameter): Name = "cm2"; Value = "Ði?n tr? c?m 1/4W"; VariantName = "[No Variations]"
Change component parameters (AddParameter): Name = "cm3"; Value = "Ði?n tr? dán 0805"; VariantName = "[No Variations]"
Change component parameters (AddParameter): Name = "cm4"; Value = "Ði?n tr? dán 1206"; VariantName = "[No Variations]"
Change component parameters (AddParameter): Name = "Value"; Value = "49.9R"; VariantName = "[No Variations]"
